# JRE version: OpenJDK Runtime Environment Temurin-21.0.4+7 (21.0.4+7) (build 21.0.4+7-LTS)
# Java VM: OpenJDK 64-Bit Server VM Temurin-21.0.4+7 (21.0.4+7-LTS, mixed mode, sharing, tiered, compressed oops, compressed class ptrs, g1 gc, windows-amd64)
GC Precious Log:
 CardTable entry size: 512
 Card Set container configuration: InlinePtr #cards 5 size 8 Array Of Cards #cards 12 size 40 Howl #buckets 4 coarsen threshold 1843 Howl Bitmap #cards 512 size 80 coarsen threshold 460 Card regions per heap region 1 cards per card region 2048
 CPUs: 8 total, 8 available
 Memory: 3790M
 Large Page Support: Disabled
 NUMA Support: Disabled
 Compressed Oops: Enabled (32-bit)
 Heap Region Size: 1M
 Heap Min Capacity: 8M
 Heap Initial Capacity: 60M
 Heap Max Capacity: 948M
 Pre-touch: Disabled
 Parallel Workers: 8
 Concurrent Workers: 2
 Concurrent Refinement Workers: 8
 Periodic GC: Disabled
Heap:
 garbage-first heap   total 80896K, used 38702K [0x00000000c4c00000, 0x0000000100000000)
  region size 1024K, 27 young (27648K), 3 survivors (3072K)
 Metaspace       used 19737K, committed 20096K, reserved 1114112K
  class space    used 2220K, committed 2432K, reserved 1048576K
GC Heap History (16 events):
Event: 1.007 GC heap before
{Heap before GC invocations=0 (full 0):
 garbage-first heap   total 61440K, used 23552K [0x00000000c4c00000, 0x0000000100000000)
  region size 1024K, 23 young (23552K), 0 survivors (0K)
 Metaspace       used 5690K, committed 5888K, reserved 1114112K
  class space    used 668K, committed 768K, reserved 1048576K
}
Event: 1.016 GC heap after
{Heap after GC invocations=1 (full 0):
 garbage-first heap   total 61440K, used 3712K [0x00000000c4c00000, 0x0000000100000000)
  region size 1024K, 3 young (3072K), 3 survivors (3072K)
 Metaspace       used 5690K, committed 5888K, reserved 1114112K
  class space    used 668K, committed 768K, reserved 1048576K
}
Event: 2.842 GC heap before
{Heap before GC invocations=1 (full 0):
 garbage-first heap   total 61440K, used 32384K [0x00000000c4c00000, 0x0000000100000000)
  region size 1024K, 31 young (31744K), 3 survivors (3072K)
 Metaspace       used 9639K, committed 9792K, reserved 1114112K
  class space    used 1147K, committed 1216K, reserved 1048576K
}
Event: 2.853 GC heap after
{Heap after GC invocations=2 (full 0):
 garbage-first heap   total 61440K, used 5734K [0x00000000c4c00000, 0x0000000100000000)
  region size 1024K, 2 young (2048K), 2 survivors (2048K)
 Metaspace       used 9639K, committed 9792K, reserved 1114112K
  class space    used 1147K, committed 1216K, reserved 1048576K
}
Event: 4.767 GC heap before
{Heap before GC invocations=2 (full 0):
 garbage-first heap   total 61440K, used 40550K [0x00000000c4c00000, 0x0000000100000000)
  region size 1024K, 36 young (36864K), 2 survivors (2048K)
 Metaspace       used 15256K, committed 15488K, reserved 1114112K
  class space    used 1812K, committed 1920K, reserved 1048576K
}
Event: 4.776 GC heap after
{Heap after GC invocations=3 (full 0):
 garbage-first heap   total 61440K, used 9645K [0x00000000c4c00000, 0x0000000100000000)
  region size 1024K, 5 young (5120K), 5 survivors (5120K)
 Metaspace       used 15256K, committed 15488K, reserved 1114112K
  class space    used 1812K, committed 1920K, reserved 1048576K
}
Event: 5.278 GC heap before
{Heap before GC invocations=3 (full 0):
 garbage-first heap   total 61440K, used 41389K [0x00000000c4c00000, 0x0000000100000000)
  region size 1024K, 36 young (36864K), 5 survivors (5120K)
 Metaspace       used 16043K, committed 16320K, reserved 1114112K
  class space    used 1877K, committed 1984K, reserved 1048576K
}
Event: 5.292 GC heap after
{Heap after GC invocations=4 (full 0):
 garbage-first heap   total 61440K, used 13530K [0x00000000c4c00000, 0x0000000100000000)
  region size 1024K, 4 young (4096K), 4 survivors (4096K)
 Metaspace       used 16043K, committed 16320K, reserved 1114112K
  class space    used 1877K, committed 1984K, reserved 1048576K
}
Event: 5.813 GC heap before
{Heap before GC invocations=4 (full 0):
 garbage-first heap   total 61440K, used 46298K [0x00000000c4c00000, 0x0000000100000000)
  region size 1024K, 36 young (36864K), 4 survivors (4096K)
 Metaspace       used 16531K, committed 16768K, reserved 1114112K
  class space    used 1900K, committed 1984K, reserved 1048576K
}
Event: 5.818 GC heap after
{Heap after GC invocations=5 (full 0):
 garbage-first heap   total 61440K, used 14094K [0x00000000c4c00000, 0x0000000100000000)
  region size 1024K, 1 young (1024K), 1 survivors (1024K)
 Metaspace       used 16531K, committed 16768K, reserved 1114112K
  class space    used 1900K, committed 1984K, reserved 1048576K
}
Event: 6.147 GC heap before
{Heap before GC invocations=5 (full 0):
 garbage-first heap   total 61440K, used 34574K [0x00000000c4c00000, 0x0000000100000000)
  region size 1024K, 14 young (14336K), 1 survivors (1024K)
 Metaspace       used 17497K, committed 17792K, reserved 1114112K
  class space    used 2015K, committed 2176K, reserved 1048576K
}
Event: 6.150 GC heap after
{Heap after GC invocations=6 (full 0):
 garbage-first heap   total 61440K, used 23227K [0x00000000c4c00000, 0x0000000100000000)
  region size 1024K, 2 young (2048K), 2 survivors (2048K)
 Metaspace       used 17497K, committed 17792K, reserved 1114112K
  class space    used 2015K, committed 2176K, reserved 1048576K
}
Event: 6.152 GC heap before
{Heap before GC invocations=6 (full 0):
 garbage-first heap   total 61440K, used 35515K [0x00000000c4c00000, 0x0000000100000000)
  region size 1024K, 3 young (3072K), 2 survivors (2048K)
 Metaspace       used 17497K, committed 17792K, reserved 1114112K
  class space    used 2015K, committed 2176K, reserved 1048576K
}
Event: 6.154 GC heap after
{Heap after GC invocations=7 (full 0):
 garbage-first heap   total 61440K, used 35598K [0x00000000c4c00000, 0x0000000100000000)
  region size 1024K, 2 young (2048K), 2 survivors (2048K)
 Metaspace       used 17497K, committed 17792K, reserved 1114112K
  class space    used 2015K, committed 2176K, reserved 1048576K
}
Event: 6.611 GC heap before
{Heap before GC invocations=8 (full 0):
 garbage-first heap   total 80896K, used 68366K [0x00000000c4c00000, 0x0000000100000000)
  region size 1024K, 22 young (22528K), 2 survivors (2048K)
 Metaspace       used 18487K, committed 18816K, reserved 1114112K
  class space    used 2096K, committed 2240K, reserved 1048576K
}
Event: 6.615 GC heap after
{Heap after GC invocations=9 (full 0):
 garbage-first heap   total 80896K, used 16174K [0x00000000c4c00000, 0x0000000100000000)
  region size 1024K, 3 young (3072K), 3 survivors (3072K)
 Metaspace       used 18487K, committed 18816K, reserved 1114112K
  class space    used 2096K, committed 2240K, reserved 1048576K
}

