# JRE version: OpenJDK Runtime Environment Temurin-21.0.4+7 (21.0.4+7) (build 21.0.4+7-LTS)
# Java VM: OpenJDK 64-Bit Server VM Temurin-21.0.4+7 (21.0.4+7-LTS, mixed mode, emulated-client, sharing, tiered, compressed oops, compressed class ptrs, g1 gc, windows-amd64)
GC Precious Log:
 CardTable entry size: 512
 Card Set container configuration: InlinePtr #cards 5 size 8 Array Of Cards #cards 12 size 40 Howl #buckets 4 coarsen threshold 1843 Howl Bitmap #cards 512 size 80 coarsen threshold 460 Card regions per heap region 1 cards per card region 2048
 CPUs: 8 total, 8 available
 Memory: 3790M
 Large Page Support: Disabled
 NUMA Support: Disabled
 Compressed Oops: Enabled (32-bit)
 Heap Region Size: 1M
 Heap Min Capacity: 8M
 Heap Initial Capacity: 60M
 Heap Max Capacity: 948M
 Pre-touch: Disabled
 Parallel Workers: 8
 Concurrent Workers: 2
 Concurrent Refinement Workers: 8
 Periodic GC: Disabled
Heap:
 garbage-first heap   total 61440K, used 19669K [0x00000000c4c00000, 0x0000000100000000)
  region size 1024K, 4 young (4096K), 1 survivors (1024K)
 Metaspace       used 31475K, committed 32064K, reserved 1114112K
  class space    used 4386K, committed 4608K, reserved 1048576K
GC Heap History (20 events):
Event: 11952.488 GC heap after
{Heap after GC invocations=45 (full 17):
 garbage-first heap   total 51200K, used 14923K [0x00000000c4c00000, 0x0000000100000000)
  region size 1024K, 0 young (0K), 0 survivors (0K)
 Metaspace       used 31492K, committed 32064K, reserved 1114112K
  class space    used 4390K, committed 4608K, reserved 1048576K
}
Event: 11955.366 GC heap before
{Heap before GC invocations=45 (full 17):
 garbage-first heap   total 51200K, used 41547K [0x00000000c4c00000, 0x0000000100000000)
  region size 1024K, 26 young (26624K), 0 survivors (0K)
 Metaspace       used 31496K, committed 32064K, reserved 1114112K
  class space    used 4391K, committed 4608K, reserved 1048576K
}
Event: 11955.381 GC heap after
{Heap after GC invocations=46 (full 17):
 garbage-first heap   total 61440K, used 17416K [0x00000000c4c00000, 0x0000000100000000)
  region size 1024K, 3 young (3072K), 3 survivors (3072K)
 Metaspace       used 31496K, committed 32064K, reserved 1114112K
  class space    used 4391K, committed 4608K, reserved 1048576K
}
Event: 12090.104 GC heap before
{Heap before GC invocations=46 (full 17):
 garbage-first heap   total 61440K, used 26632K [0x00000000c4c00000, 0x0000000100000000)
  region size 1024K, 13 young (13312K), 3 survivors (3072K)
 Metaspace       used 31499K, committed 32064K, reserved 1114112K
  class space    used 4391K, committed 4608K, reserved 1048576K
}
Event: 12090.673 GC heap after
{Heap after GC invocations=47 (full 18):
 garbage-first heap   total 61440K, used 14957K [0x00000000c4c00000, 0x0000000100000000)
  region size 1024K, 0 young (0K), 0 survivors (0K)
 Metaspace       used 31418K, committed 32064K, reserved 1114112K
  class space    used 4369K, committed 4608K, reserved 1048576K
}
Event: 12104.387 GC heap before
{Heap before GC invocations=47 (full 18):
 garbage-first heap   total 61440K, used 47725K [0x00000000c4c00000, 0x0000000100000000)
  region size 1024K, 32 young (32768K), 0 survivors (0K)
 Metaspace       used 31418K, committed 32064K, reserved 1114112K
  class space    used 4369K, committed 4608K, reserved 1048576K
}
Event: 12104.456 GC heap after
{Heap after GC invocations=48 (full 18):
 garbage-first heap   total 61440K, used 17470K [0x00000000c4c00000, 0x0000000100000000)
  region size 1024K, 3 young (3072K), 3 survivors (3072K)
 Metaspace       used 31418K, committed 32064K, reserved 1114112K
  class space    used 4369K, committed 4608K, reserved 1048576K
}
Event: 12167.083 GC heap before
{Heap before GC invocations=48 (full 18):
 garbage-first heap   total 61440K, used 19518K [0x00000000c4c00000, 0x0000000100000000)
  region size 1024K, 6 young (6144K), 3 survivors (3072K)
 Metaspace       used 31421K, committed 32064K, reserved 1114112K
  class space    used 4370K, committed 4608K, reserved 1048576K
}
Event: 12168.509 GC heap after
{Heap after GC invocations=49 (full 19):
 garbage-first heap   total 61440K, used 14956K [0x00000000c4c00000, 0x0000000100000000)
  region size 1024K, 0 young (0K), 0 survivors (0K)
 Metaspace       used 31418K, committed 32064K, reserved 1114112K
  class space    used 4369K, committed 4608K, reserved 1048576K
}
Event: 12233.397 GC heap before
{Heap before GC invocations=49 (full 19):
 garbage-first heap   total 61440K, used 47724K [0x00000000c4c00000, 0x0000000100000000)
  region size 1024K, 33 young (33792K), 0 survivors (0K)
 Metaspace       used 31418K, committed 32064K, reserved 1114112K
  class space    used 4369K, committed 4608K, reserved 1048576K
}
Event: 12234.835 GC heap after
{Heap after GC invocations=50 (full 19):
 garbage-first heap   total 61440K, used 17454K [0x00000000c4c00000, 0x0000000100000000)
  region size 1024K, 3 young (3072K), 3 survivors (3072K)
 Metaspace       used 31418K, committed 32064K, reserved 1114112K
  class space    used 4369K, committed 4608K, reserved 1048576K
}
Event: 12250.121 GC heap before
{Heap before GC invocations=50 (full 19):
 garbage-first heap   total 61440K, used 18478K [0x00000000c4c00000, 0x0000000100000000)
  region size 1024K, 4 young (4096K), 3 survivors (3072K)
 Metaspace       used 31418K, committed 32064K, reserved 1114112K
  class space    used 4369K, committed 4608K, reserved 1048576K
}
Event: 12250.183 GC heap after
{Heap after GC invocations=51 (full 19):
 garbage-first heap   total 61440K, used 17805K [0x00000000c4c00000, 0x0000000100000000)
  region size 1024K, 1 young (1024K), 1 survivors (1024K)
 Metaspace       used 31418K, committed 32064K, reserved 1114112K
  class space    used 4369K, committed 4608K, reserved 1048576K
}
Event: 12284.836 GC heap before
{Heap before GC invocations=51 (full 19):
 garbage-first heap   total 61440K, used 19853K [0x00000000c4c00000, 0x0000000100000000)
  region size 1024K, 3 young (3072K), 1 survivors (1024K)
 Metaspace       used 31418K, committed 32064K, reserved 1114112K
  class space    used 4369K, committed 4608K, reserved 1048576K
}
Event: 12284.892 GC heap after
{Heap after GC invocations=52 (full 19):
 garbage-first heap   total 61440K, used 17705K [0x00000000c4c00000, 0x0000000100000000)
  region size 1024K, 1 young (1024K), 1 survivors (1024K)
 Metaspace       used 31418K, committed 32064K, reserved 1114112K
  class space    used 4369K, committed 4608K, reserved 1048576K
}
Event: 12393.590 GC heap before
{Heap before GC invocations=52 (full 19):
 garbage-first heap   total 61440K, used 21801K [0x00000000c4c00000, 0x0000000100000000)
  region size 1024K, 5 young (5120K), 1 survivors (1024K)
 Metaspace       used 31418K, committed 32064K, reserved 1114112K
  class space    used 4369K, committed 4608K, reserved 1048576K
}
Event: 12393.650 GC heap after
{Heap after GC invocations=53 (full 19):
 garbage-first heap   total 61440K, used 17785K [0x00000000c4c00000, 0x0000000100000000)
  region size 1024K, 1 young (1024K), 1 survivors (1024K)
 Metaspace       used 31418K, committed 32064K, reserved 1114112K
  class space    used 4369K, committed 4608K, reserved 1048576K
}
Event: 12762.256 GC heap before
{Heap before GC invocations=53 (full 19):
 garbage-first heap   total 61440K, used 28025K [0x00000000c4c00000, 0x0000000100000000)
  region size 1024K, 11 young (11264K), 1 survivors (1024K)
 Metaspace       used 31418K, committed 32064K, reserved 1114112K
  class space    used 4369K, committed 4608K, reserved 1048576K
}
Event: 12762.342 GC heap after
{Heap after GC invocations=54 (full 19):
 garbage-first heap   total 61440K, used 17621K [0x00000000c4c00000, 0x0000000100000000)
  region size 1024K, 1 young (1024K), 1 survivors (1024K)
 Metaspace       used 31418K, committed 32064K, reserved 1114112K
  class space    used 4369K, committed 4608K, reserved 1048576K
}
Event: 12812.415 GC heap before
{Heap before GC invocations=54 (full 19):
 garbage-first heap   total 61440K, used 19669K [0x00000000c4c00000, 0x0000000100000000)
  region size 1024K, 4 young (4096K), 1 survivors (1024K)
 Metaspace       used 31475K, committed 32064K, reserved 1114112K
  class space    used 4386K, committed 4608K, reserved 1048576K
}

